<?xml version="1.0" encoding="UTF-8"?>
<!-- Generated by org.testng.reporters.JUnitReportReporter -->
<testsuite hostname="Rupali" failures="0" tests="1" name="Test_Cases.Verify_Register" time="17.386" errors="0" timestamp="2025-03-26T19:56:22 IST" skipped="0">
  <testcase classname="Test_Cases.Verify_Register" name="test_verify_register_functionality_001" time="17.386"/>
</testsuite> <!-- Test_Cases.Verify_Register -->
